build/app/outputs/mapping/release/usage.txt
com.example.botanyapp.R$drawable
com.example.botanyapp.R$attr
com.example.botanyapp.R$integer
com.example.botanyapp.BuildConfig
com.example.botanyapp.R
com.example.botanyapp.R$color
com.example.botanyapp.R$mipmap
com.example.botanyapp.R$style
com.example.botanyapp.R$dimen
com.example.botanyapp.R$id
com.example.botanyapp.R$layout
com.example.botanyapp.R$styleable
com.example.botanyapp.R$string
...
io.flutter.embedding.android.FlutterFragmentActivity
kotlin.coroutines.jvm.internal.RestrictedSuspendLambda
kotlin.collections.EmptySet
kotlin.text.StringsKt__RegexExtensionsJVMKt
androidx.core.location.LocationManagerCompat$PreRGnssStatusTransport$4
kotlin.jvm.internal.ArrayLongIterator
kotlin.UByte$Companion
androidx.fragment.app.Fragment$3
kotlin.sequences.TransformingIndexedSequence
androidx.core.database.sqlite.SQLiteCursorCompat
kotlin.coroutines.experimental.CoroutineContext
androidx.core.view.PointerIconCompat
androidx.fragment.app.ListFragment$2
kotlin.collections.CollectionsKt
kotlin.reflect.KParameter$DefaultImpls
androidx.annotation.ColorInt
kotlin.jvm.internal.markers.KMappedMarker
kotlin.OptionalExpectation
androidx.core.content.ContentProviderCompat
kotlin.collections.ReversedList
kotlin.jvm.functions.Function21
androidx.core.view.WindowInsetsCompat$BuilderImpl
androidx.viewpager.widget.ViewPager$ItemInfo
androidx.core.view.ViewPropertyAnimatorListener
kotlin.ranges.LongProgression
androidx.core.net.TrafficStatsCompat
io.flutter.embedding.android.AndroidTouchProcessor$PointerSignalKind
androidx.viewpager.widget.ViewPager$1
io.flutter.plugin.common.ErrorLogResult
kotlin.ranges.LongRange$Companion
androidx.core.view.ViewCompat$AccessibilityViewProperty
androidx.core.app.ActivityOptionsCompat
androidx.core.location.LocationManagerCompat$GpsStatusTransport$2
io.flutter.embedding.engine.deferredcomponents.DeferredComponentManager:
    public abstract void loadAssets(int,java.lang.String)
    public abstract void loadDartLibrary(int,java.lang.String)
kotlin.ranges.IntProgression$Companion
kotlin.text.StringsKt
kotlin.text.StringsKt___StringsKt$withIndex$1
androidx.customview.widget.FocusStrategy$BoundsAdapter
androidx.activity.ImmLeaksCleaner:
    void <init>(android.app.Activity)
    private static final int NOT_INITIALIAZED
    private static final int INIT_SUCCESS
    private static final int INIT_FAILED
kotlin.annotation.MustBeDocumented
androidx.core.app.NotificationCompat$Action$Extender
kotlin.sequences.FilteringSequence$iterator$1
androidx.core.view.WindowInsetsCompat$Builder
kotlin.reflect.KFunction$DefaultImpls
kotlin.io.FilePathComponents
kotlin.ranges.ULongRange
io.flutter.embedding.engine.plugins.util.GeneratedPluginRegister:
    public void <init>()
    private static final java.lang.String TAG
androidx.fragment.app.FragmentManagerImpl$3
io.flutter.plugin.common.BinaryCodec
kotlin.reflect.KTypeParameter
androidx.core.text.PrecomputedTextCompat
kotlin.jvm.functions.Function5
kotlin.text.Regex$findAll$1
kotlin.text.StringsKt__StringsKt
kotlin.contracts.Returns
androidx.core.telephony.TelephonyManagerCompat
io.flutter.Log:
    public void <init>()
    public static void setLogLevel(int)
    public static void println(int,java.lang.String,java.lang.String)
    public static void v(java.lang.String,java.lang.String,java.lang.Throwable)
    public static void i(java.lang.String,java.lang.String,java.lang.Throwable)
    public static void d(java.lang.String,java.lang.String,java.lang.Throwable)
    public static void wtf(java.lang.String,java.lang.String)
    public static void wtf(java.lang.String,java.lang.String,java.lang.Throwable)
kotlin.coroutines.experimental.SequenceBuilderKt
kotlin.jvm.JvmDefault
androidx.annotation.ColorLong
androidx.core.app.NotificationCompat$StreamType
kotlin.KotlinVersion
kotlin.Result
androidx.core.view.LayoutInflaterCompat
androidx.core.view.MotionEventCompat